#! /usr/local/bin/vvp
:ivl_version "13.0 (devel)" "(s20221226-321-gd22bb3d25-dirty)";
:ivl_delay_selection "TYPICAL";
:vpi_time_precision - 9;
:vpi_module "/usr/local/lib/ivl/system.vpi";
:vpi_module "/usr/local/lib/ivl/vhdl_sys.vpi";
:vpi_module "/usr/local/lib/ivl/vhdl_textio.vpi";
:vpi_module "/usr/local/lib/ivl/v2005_math.vpi";
:vpi_module "/usr/local/lib/ivl/va_math.vpi";
S_0x55ce16b946e0 .scope module, "ha_test" "ha_test" 2 2;
 .timescale -9 -9;
v0x55ce16ba7780_0 .var "a", 0 0;
v0x55ce16ba7840_0 .var "b", 0 0;
v0x55ce16ba7910_0 .net "co", 0 0, L_0x55ce16ba7d00;  1 drivers
v0x55ce16ba7a10_0 .var/i "i", 31 0;
v0x55ce16ba7ab0_0 .net "sum", 0 0, L_0x55ce16ba7ba0;  1 drivers
S_0x55ce16b94870 .scope module, "dut" "ha" 2 8, 3 1 0, S_0x55ce16b946e0;
 .timescale 0 0;
    .port_info 0 /INPUT 1 "a";
    .port_info 1 /INPUT 1 "b";
    .port_info 2 /OUTPUT 1 "sum";
    .port_info 3 /OUTPUT 1 "co";
L_0x55ce16ba7ba0 .functor XOR 1, v0x55ce16ba7780_0, v0x55ce16ba7840_0, C4<0>, C4<0>;
L_0x55ce16ba7d00 .functor AND 1, v0x55ce16ba7780_0, v0x55ce16ba7840_0, C4<1>, C4<1>;
v0x55ce16b94a50_0 .net "a", 0 0, v0x55ce16ba7780_0;  1 drivers
v0x55ce16ba74e0_0 .net "b", 0 0, v0x55ce16ba7840_0;  1 drivers
v0x55ce16ba75a0_0 .net "co", 0 0, L_0x55ce16ba7d00;  alias, 1 drivers
v0x55ce16ba7640_0 .net "sum", 0 0, L_0x55ce16ba7ba0;  alias, 1 drivers
    .scope S_0x55ce16b946e0;
T_0 ;
    %vpi_call 2 11 "$dumpvars", 32'sb00000000000000000000000000000001 {0 0 0};
    %vpi_call 2 12 "$dumpfile", "wave.vcd" {0 0 0};
    %end;
    .thread T_0;
    .scope S_0x55ce16b946e0;
T_1 ;
    %vpi_call 2 17 "$monitor", $time, "a=%b b=%b, sum=%b, co=%b", v0x55ce16ba7780_0, v0x55ce16ba7840_0, v0x55ce16ba7ab0_0, v0x55ce16ba7910_0 {0 0 0};
    %pushi/vec4 0, 0, 32;
    %store/vec4 v0x55ce16ba7a10_0, 0, 32;
T_1.0 ; Top of for-loop 
    %load/vec4 v0x55ce16ba7a10_0;
    %cmpi/s 4, 0, 32;
    %jmp/0xz T_1.1, 5;
    %load/vec4 v0x55ce16ba7a10_0;
    %pad/s 2;
    %split/vec4 1;
    %store/vec4 v0x55ce16ba7840_0, 0, 1;
    %store/vec4 v0x55ce16ba7780_0, 0, 1;
    %delay 5, 0;
T_1.2 ; for-loop step statement
    %load/vec4 v0x55ce16ba7a10_0;
    %addi 1, 0, 32;
    %store/vec4 v0x55ce16ba7a10_0, 0, 32;
    %jmp T_1.0;
T_1.1 ; for-loop exit label
    %delay 5, 0;
    %vpi_call 2 23 "$stop" {0 0 0};
    %end;
    .thread T_1;
# The file index is used to find the file name in the following table.
:file_names 4;
    "N/A";
    "<interactive>";
    "ha_test.v";
    "ha.v";
